{"/Users/Verem/frontend-task/src/modal.js": {"path":"/Users/Verem/frontend-task/src/modal.js","statementMap":{"0":{"start":{"line":1,"column":18},"end":{"line":1,"column":50}},"1":{"start":{"line":2,"column":16},"end":{"line":2,"column":52}},"2":{"start":{"line":4,"column":29},"end":{"line":6,"column":1}},"3":{"start":{"line":5,"column":2},"end":{"line":5,"column":38}},"4":{"start":{"line":8,"column":29},"end":{"line":10,"column":1}},"5":{"start":{"line":9,"column":2},"end":{"line":9,"column":37}},"6":{"start":{"line":12,"column":27},"end":{"line":17,"column":1}},"7":{"start":{"line":13,"column":25},"end":{"line":13,"column":62}},"8":{"start":{"line":14,"column":24},"end":{"line":14,"column":60}},"9":{"start":{"line":16,"column":2},"end":{"line":16,"column":36}},"10":{"start":{"line":19,"column":27},"end":{"line":21,"column":1}},"11":{"start":{"line":20,"column":2},"end":{"line":20,"column":35}}},"fnMap":{"0":{"name":"(anonymous_0)","decl":{"start":{"line":4,"column":29},"end":{"line":4,"column":30}},"loc":{"start":{"line":4,"column":35},"end":{"line":6,"column":1}},"line":4},"1":{"name":"(anonymous_1)","decl":{"start":{"line":8,"column":29},"end":{"line":8,"column":30}},"loc":{"start":{"line":8,"column":35},"end":{"line":10,"column":1}},"line":8},"2":{"name":"(anonymous_2)","decl":{"start":{"line":12,"column":27},"end":{"line":12,"column":28}},"loc":{"start":{"line":12,"column":34},"end":{"line":17,"column":1}},"line":12},"3":{"name":"(anonymous_3)","decl":{"start":{"line":19,"column":27},"end":{"line":19,"column":28}},"loc":{"start":{"line":19,"column":33},"end":{"line":21,"column":1}},"line":19}},"branchMap":{},"s":{"0":1,"1":1,"2":1,"3":0,"4":1,"5":0,"6":1,"7":0,"8":0,"9":0,"10":1,"11":0},"f":{"0":0,"1":0,"2":0,"3":0},"b":{},"_coverageSchema":"332fd63041d2c1bcb487cc26dd0d5f7d97098a6c","hash":"a7d74ced88451af754d1ba1718fa5912440eb55f"}
,"/Users/Verem/frontend-task/src/note-manager.js": {"path":"/Users/Verem/frontend-task/src/note-manager.js","statementMap":{"0":{"start":{"line":8,"column":24},"end":{"line":20,"column":1}},"1":{"start":{"line":9,"column":2},"end":{"line":19,"column":3}},"2":{"start":{"line":10,"column":18},"end":{"line":10,"column":28}},"3":{"start":{"line":11,"column":15},"end":{"line":11,"column":26}},"4":{"start":{"line":12,"column":4},"end":{"line":12,"column":35}},"5":{"start":{"line":13,"column":4},"end":{"line":13,"column":21}},"6":{"start":{"line":15,"column":4},"end":{"line":15,"column":42}},"7":{"start":{"line":16,"column":4},"end":{"line":16,"column":16}},"8":{"start":{"line":18,"column":4},"end":{"line":18,"column":56}},"9":{"start":{"line":28,"column":16},"end":{"line":30,"column":1}},"10":{"start":{"line":29,"column":2},"end":{"line":29,"column":55}},"11":{"start":{"line":32,"column":23},"end":{"line":40,"column":1}},"12":{"start":{"line":33,"column":14},"end":{"line":33,"column":24}},"13":{"start":{"line":35,"column":2},"end":{"line":37,"column":5}},"14":{"start":{"line":36,"column":4},"end":{"line":36,"column":28}},"15":{"start":{"line":39,"column":2},"end":{"line":39,"column":40}},"16":{"start":{"line":46,"column":24},"end":{"line":54,"column":1}},"17":{"start":{"line":47,"column":16},"end":{"line":47,"column":62}},"18":{"start":{"line":47,"column":42},"end":{"line":47,"column":61}},"19":{"start":{"line":49,"column":2},"end":{"line":49,"column":55}},"20":{"start":{"line":51,"column":2},"end":{"line":51,"column":42}},"21":{"start":{"line":52,"column":2},"end":{"line":52,"column":17}},"22":{"start":{"line":53,"column":2},"end":{"line":53,"column":14}},"23":{"start":{"line":61,"column":22},"end":{"line":77,"column":1}},"24":{"start":{"line":62,"column":15},"end":{"line":62,"column":32}},"25":{"start":{"line":64,"column":2},"end":{"line":64,"column":21}},"26":{"start":{"line":65,"column":2},"end":{"line":65,"column":19}},"27":{"start":{"line":67,"column":14},"end":{"line":67,"column":24}},"28":{"start":{"line":68,"column":16},"end":{"line":68,"column":60}},"29":{"start":{"line":68,"column":40},"end":{"line":68,"column":59}},"30":{"start":{"line":69,"column":2},"end":{"line":69,"column":31}},"31":{"start":{"line":71,"column":2},"end":{"line":71,"column":19}},"32":{"start":{"line":73,"column":2},"end":{"line":73,"column":18}},"33":{"start":{"line":74,"column":2},"end":{"line":74,"column":43}},"34":{"start":{"line":75,"column":2},"end":{"line":75,"column":14}},"35":{"start":{"line":76,"column":2},"end":{"line":76,"column":19}},"36":{"start":{"line":82,"column":22},"end":{"line":84,"column":1}},"37":{"start":{"line":83,"column":2},"end":{"line":83,"column":57}},"38":{"start":{"line":91,"column":27},"end":{"line":103,"column":1}},"39":{"start":{"line":92,"column":14},"end":{"line":92,"column":24}},"40":{"start":{"line":94,"column":2},"end":{"line":100,"column":5}},"41":{"start":{"line":95,"column":4},"end":{"line":99,"column":43}},"42":{"start":{"line":102,"column":2},"end":{"line":102,"column":15}}},"fnMap":{"0":{"name":"(anonymous_0)","decl":{"start":{"line":8,"column":24},"end":{"line":8,"column":25}},"loc":{"start":{"line":8,"column":45},"end":{"line":20,"column":1}},"line":8},"1":{"name":"(anonymous_1)","decl":{"start":{"line":28,"column":16},"end":{"line":28,"column":17}},"loc":{"start":{"line":28,"column":27},"end":{"line":30,"column":1}},"line":28},"2":{"name":"(anonymous_2)","decl":{"start":{"line":32,"column":23},"end":{"line":32,"column":24}},"loc":{"start":{"line":32,"column":29},"end":{"line":40,"column":1}},"line":32},"3":{"name":"(anonymous_3)","decl":{"start":{"line":35,"column":23},"end":{"line":35,"column":24}},"loc":{"start":{"line":35,"column":31},"end":{"line":37,"column":3}},"line":35},"4":{"name":"(anonymous_4)","decl":{"start":{"line":46,"column":24},"end":{"line":46,"column":25}},"loc":{"start":{"line":46,"column":34},"end":{"line":54,"column":1}},"line":46},"5":{"name":"(anonymous_5)","decl":{"start":{"line":47,"column":34},"end":{"line":47,"column":35}},"loc":{"start":{"line":47,"column":42},"end":{"line":47,"column":61}},"line":47},"6":{"name":"(anonymous_6)","decl":{"start":{"line":61,"column":22},"end":{"line":61,"column":23}},"loc":{"start":{"line":61,"column":51},"end":{"line":77,"column":1}},"line":61},"7":{"name":"(anonymous_7)","decl":{"start":{"line":68,"column":32},"end":{"line":68,"column":33}},"loc":{"start":{"line":68,"column":40},"end":{"line":68,"column":59}},"line":68},"8":{"name":"(anonymous_8)","decl":{"start":{"line":82,"column":22},"end":{"line":82,"column":23}},"loc":{"start":{"line":82,"column":28},"end":{"line":84,"column":1}},"line":82},"9":{"name":"(anonymous_9)","decl":{"start":{"line":91,"column":27},"end":{"line":91,"column":28}},"loc":{"start":{"line":91,"column":43},"end":{"line":103,"column":1}},"line":91},"10":{"name":"(anonymous_10)","decl":{"start":{"line":94,"column":23},"end":{"line":94,"column":24}},"loc":{"start":{"line":94,"column":31},"end":{"line":100,"column":3}},"line":94}},"branchMap":{"0":{"loc":{"start":{"line":9,"column":2},"end":{"line":19,"column":3}},"type":"if","locations":[{"start":{"line":9,"column":2},"end":{"line":19,"column":3}},{"start":{"line":9,"column":2},"end":{"line":19,"column":3}}],"line":9},"1":{"loc":{"start":{"line":9,"column":6},"end":{"line":9,"column":54}},"type":"binary-expr","locations":[{"start":{"line":9,"column":7},"end":{"line":9,"column":12}},{"start":{"line":9,"column":16},"end":{"line":9,"column":28}},{"start":{"line":9,"column":34},"end":{"line":9,"column":38}},{"start":{"line":9,"column":42},"end":{"line":9,"column":53}}],"line":9},"2":{"loc":{"start":{"line":39,"column":9},"end":{"line":39,"column":39}},"type":"cond-expr","locations":[{"start":{"line":39,"column":24},"end":{"line":39,"column":32}},{"start":{"line":39,"column":35},"end":{"line":39,"column":39}}],"line":39},"3":{"loc":{"start":{"line":83,"column":9},"end":{"line":83,"column":56}},"type":"binary-expr","locations":[{"start":{"line":83,"column":9},"end":{"line":83,"column":50}},{"start":{"line":83,"column":54},"end":{"line":83,"column":56}}],"line":83},"4":{"loc":{"start":{"line":95,"column":11},"end":{"line":99,"column":43}},"type":"binary-expr","locations":[{"start":{"line":95,"column":11},"end":{"line":95,"column":70}},{"start":{"line":96,"column":9},"end":{"line":99,"column":43}}],"line":95}},"s":{"0":2,"1":4,"2":3,"3":3,"4":3,"5":3,"6":3,"7":3,"8":1,"9":2,"10":4,"11":2,"12":4,"13":4,"14":4,"15":4,"16":2,"17":1,"18":1,"19":1,"20":1,"21":1,"22":1,"23":2,"24":1,"25":1,"26":1,"27":1,"28":1,"29":1,"30":1,"31":1,"32":1,"33":1,"34":1,"35":1,"36":2,"37":24,"38":2,"39":1,"40":1,"41":1,"42":1},"f":{"0":4,"1":4,"2":4,"3":4,"4":1,"5":1,"6":1,"7":1,"8":24,"9":1,"10":1},"b":{"0":[3,1],"1":[4,3,3,3],"2":[4,0],"3":[24,0],"4":[1,0]},"_coverageSchema":"332fd63041d2c1bcb487cc26dd0d5f7d97098a6c","hash":"09ccbe64fd2f351b4b39b79ccfc14e9600f9c614"}
,"/Users/Verem/frontend-task/src/note.js": {"path":"/Users/Verem/frontend-task/src/note.js","statementMap":{"0":{"start":{"line":11,"column":22},"end":{"line":15,"column":1}},"1":{"start":{"line":12,"column":15},"end":{"line":12,"column":28}},"2":{"start":{"line":14,"column":2},"end":{"line":14,"column":20}},"3":{"start":{"line":22,"column":21},"end":{"line":29,"column":1}},"4":{"start":{"line":23,"column":2},"end":{"line":23,"column":58}},"5":{"start":{"line":25,"column":19},"end":{"line":25,"column":55}},"6":{"start":{"line":27,"column":2},"end":{"line":27,"column":44}},"7":{"start":{"line":28,"column":2},"end":{"line":28,"column":33}},"8":{"start":{"line":34,"column":28},"end":{"line":36,"column":1}},"9":{"start":{"line":35,"column":2},"end":{"line":35,"column":57}},"10":{"start":{"line":41,"column":23},"end":{"line":44,"column":1}},"11":{"start":{"line":42,"column":16},"end":{"line":42,"column":26}},"12":{"start":{"line":43,"column":2},"end":{"line":43,"column":19}},"13":{"start":{"line":46,"column":23},"end":{"line":57,"column":1}},"14":{"start":{"line":47,"column":25},"end":{"line":47,"column":57}},"15":{"start":{"line":48,"column":2},"end":{"line":48,"column":32}},"16":{"start":{"line":50,"column":2},"end":{"line":56,"column":5}},"17":{"start":{"line":51,"column":15},"end":{"line":51,"column":43}},"18":{"start":{"line":52,"column":4},"end":{"line":52,"column":45}},"19":{"start":{"line":53,"column":4},"end":{"line":53,"column":41}},"20":{"start":{"line":54,"column":4},"end":{"line":54,"column":32}},"21":{"start":{"line":55,"column":4},"end":{"line":55,"column":37}},"22":{"start":{"line":59,"column":34},"end":{"line":64,"column":1}},"23":{"start":{"line":60,"column":15},"end":{"line":60,"column":32}},"24":{"start":{"line":61,"column":2},"end":{"line":61,"column":59}},"25":{"start":{"line":62,"column":2},"end":{"line":62,"column":57}},"26":{"start":{"line":63,"column":2},"end":{"line":63,"column":72}}},"fnMap":{"0":{"name":"(anonymous_0)","decl":{"start":{"line":11,"column":22},"end":{"line":11,"column":23}},"loc":{"start":{"line":11,"column":30},"end":{"line":15,"column":1}},"line":11},"1":{"name":"(anonymous_1)","decl":{"start":{"line":22,"column":21},"end":{"line":22,"column":22}},"loc":{"start":{"line":22,"column":31},"end":{"line":29,"column":1}},"line":22},"2":{"name":"(anonymous_2)","decl":{"start":{"line":34,"column":28},"end":{"line":34,"column":29}},"loc":{"start":{"line":34,"column":34},"end":{"line":36,"column":1}},"line":34},"3":{"name":"(anonymous_3)","decl":{"start":{"line":41,"column":23},"end":{"line":41,"column":24}},"loc":{"start":{"line":41,"column":29},"end":{"line":44,"column":1}},"line":41},"4":{"name":"(anonymous_4)","decl":{"start":{"line":46,"column":23},"end":{"line":46,"column":24}},"loc":{"start":{"line":46,"column":32},"end":{"line":57,"column":1}},"line":46},"5":{"name":"(anonymous_5)","decl":{"start":{"line":50,"column":16},"end":{"line":50,"column":17}},"loc":{"start":{"line":50,"column":24},"end":{"line":56,"column":3}},"line":50},"6":{"name":"(anonymous_6)","decl":{"start":{"line":59,"column":34},"end":{"line":59,"column":35}},"loc":{"start":{"line":59,"column":44},"end":{"line":64,"column":1}},"line":59}},"branchMap":{},"s":{"0":1,"1":1,"2":1,"3":1,"4":1,"5":1,"6":1,"7":1,"8":1,"9":1,"10":1,"11":1,"12":1,"13":1,"14":1,"15":1,"16":1,"17":1,"18":1,"19":1,"20":1,"21":1,"22":1,"23":1,"24":1,"25":1,"26":1},"f":{"0":1,"1":1,"2":1,"3":1,"4":1,"5":1,"6":1},"b":{},"_coverageSchema":"332fd63041d2c1bcb487cc26dd0d5f7d97098a6c","hash":"ceb226723dba8f82ac49f3e0da6e1c69afce1410"}
,"/Users/Verem/frontend-task/src/utils.js": {"path":"/Users/Verem/frontend-task/src/utils.js","statementMap":{"0":{"start":{"line":6,"column":25},"end":{"line":17,"column":1}},"1":{"start":{"line":7,"column":14},"end":{"line":7,"column":46}},"2":{"start":{"line":8,"column":19},"end":{"line":8,"column":36}},"3":{"start":{"line":10,"column":2},"end":{"line":10,"column":33}},"4":{"start":{"line":11,"column":2},"end":{"line":11,"column":54}},"5":{"start":{"line":12,"column":2},"end":{"line":12,"column":32}},"6":{"start":{"line":14,"column":2},"end":{"line":16,"column":11}},"7":{"start":{"line":15,"column":4},"end":{"line":15,"column":33}},"8":{"start":{"line":19,"column":23},"end":{"line":30,"column":1}},"9":{"start":{"line":20,"column":14},"end":{"line":20,"column":46}},"10":{"start":{"line":21,"column":19},"end":{"line":21,"column":36}},"11":{"start":{"line":23,"column":2},"end":{"line":23,"column":33}},"12":{"start":{"line":24,"column":2},"end":{"line":24,"column":52}},"13":{"start":{"line":25,"column":2},"end":{"line":25,"column":32}},"14":{"start":{"line":27,"column":2},"end":{"line":29,"column":11}},"15":{"start":{"line":28,"column":4},"end":{"line":28,"column":33}},"16":{"start":{"line":35,"column":23},"end":{"line":42,"column":1}},"17":{"start":{"line":36,"column":17},"end":{"line":36,"column":64}},"18":{"start":{"line":37,"column":17},"end":{"line":37,"column":37}},"19":{"start":{"line":39,"column":2},"end":{"line":39,"column":41}},"20":{"start":{"line":41,"column":2},"end":{"line":41,"column":16}},"21":{"start":{"line":44,"column":27},"end":{"line":48,"column":1}},"22":{"start":{"line":45,"column":2},"end":{"line":47,"column":3}},"23":{"start":{"line":46,"column":4},"end":{"line":46,"column":38}}},"fnMap":{"0":{"name":"(anonymous_0)","decl":{"start":{"line":6,"column":25},"end":{"line":6,"column":26}},"loc":{"start":{"line":6,"column":36},"end":{"line":17,"column":1}},"line":6},"1":{"name":"(anonymous_1)","decl":{"start":{"line":14,"column":13},"end":{"line":14,"column":14}},"loc":{"start":{"line":14,"column":19},"end":{"line":16,"column":3}},"line":14},"2":{"name":"(anonymous_2)","decl":{"start":{"line":19,"column":23},"end":{"line":19,"column":24}},"loc":{"start":{"line":19,"column":34},"end":{"line":30,"column":1}},"line":19},"3":{"name":"(anonymous_3)","decl":{"start":{"line":27,"column":13},"end":{"line":27,"column":14}},"loc":{"start":{"line":27,"column":19},"end":{"line":29,"column":3}},"line":27},"4":{"name":"(anonymous_4)","decl":{"start":{"line":35,"column":23},"end":{"line":35,"column":24}},"loc":{"start":{"line":35,"column":29},"end":{"line":42,"column":1}},"line":35},"5":{"name":"(anonymous_5)","decl":{"start":{"line":44,"column":27},"end":{"line":44,"column":28}},"loc":{"start":{"line":44,"column":35},"end":{"line":48,"column":1}},"line":44}},"branchMap":{"0":{"loc":{"start":{"line":36,"column":17},"end":{"line":36,"column":64}},"type":"binary-expr","locations":[{"start":{"line":36,"column":17},"end":{"line":36,"column":59}},{"start":{"line":36,"column":63},"end":{"line":36,"column":64}}],"line":36}},"s":{"0":2,"1":1,"2":1,"3":1,"4":1,"5":1,"6":1,"7":0,"8":2,"9":1,"10":1,"11":1,"12":1,"13":1,"14":1,"15":0,"16":2,"17":1,"18":1,"19":1,"20":1,"21":2,"22":2,"23":7},"f":{"0":1,"1":0,"2":1,"3":0,"4":1,"5":2},"b":{"0":[1,1]},"_coverageSchema":"332fd63041d2c1bcb487cc26dd0d5f7d97098a6c","hash":"b42a86eb50c3788655e955b6d2039440f0b04070"}
}
