TN:
SF:/Users/Verem/frontend-task/src/modal.js
FN:4,(anonymous_0)
FN:8,(anonymous_1)
FN:12,(anonymous_2)
FN:19,(anonymous_3)
FNF:4
FNH:0
FNDA:0,(anonymous_0)
FNDA:0,(anonymous_1)
FNDA:0,(anonymous_2)
FNDA:0,(anonymous_3)
DA:1,1
DA:2,1
DA:4,1
DA:5,0
DA:8,1
DA:9,0
DA:12,1
DA:13,0
DA:14,0
DA:16,0
DA:19,1
DA:20,0
LF:12
LH:6
BRF:0
BRH:0
end_of_record
TN:
SF:/Users/Verem/frontend-task/src/note-manager.js
FN:8,(anonymous_0)
FN:28,(anonymous_1)
FN:32,(anonymous_2)
FN:35,(anonymous_3)
FN:46,(anonymous_4)
FN:47,(anonymous_5)
FN:61,(anonymous_6)
FN:68,(anonymous_7)
FN:82,(anonymous_8)
FN:91,(anonymous_9)
FN:94,(anonymous_10)
FNF:11
FNH:11
FNDA:4,(anonymous_0)
FNDA:4,(anonymous_1)
FNDA:4,(anonymous_2)
FNDA:4,(anonymous_3)
FNDA:1,(anonymous_4)
FNDA:1,(anonymous_5)
FNDA:1,(anonymous_6)
FNDA:1,(anonymous_7)
FNDA:24,(anonymous_8)
FNDA:1,(anonymous_9)
FNDA:1,(anonymous_10)
DA:8,2
DA:9,4
DA:10,3
DA:11,3
DA:12,3
DA:13,3
DA:15,3
DA:16,3
DA:18,1
DA:28,2
DA:29,4
DA:32,2
DA:33,4
DA:35,4
DA:36,4
DA:39,4
DA:46,2
DA:47,1
DA:49,1
DA:51,1
DA:52,1
DA:53,1
DA:61,2
DA:62,1
DA:64,1
DA:65,1
DA:67,1
DA:68,1
DA:69,1
DA:71,1
DA:73,1
DA:74,1
DA:75,1
DA:76,1
DA:82,2
DA:83,24
DA:91,2
DA:92,1
DA:94,1
DA:95,1
DA:102,1
LF:41
LH:41
BRDA:9,0,0,3
BRDA:9,0,1,1
BRDA:9,1,0,4
BRDA:9,1,1,3
BRDA:9,1,2,3
BRDA:9,1,3,3
BRDA:39,2,0,4
BRDA:39,2,1,0
BRDA:83,3,0,24
BRDA:83,3,1,0
BRDA:95,4,0,1
BRDA:95,4,1,0
BRF:12
BRH:9
end_of_record
TN:
SF:/Users/Verem/frontend-task/src/note.js
FN:11,(anonymous_0)
FN:22,(anonymous_1)
FN:34,(anonymous_2)
FN:41,(anonymous_3)
FN:46,(anonymous_4)
FN:50,(anonymous_5)
FN:59,(anonymous_6)
FNF:7
FNH:7
FNDA:1,(anonymous_0)
FNDA:1,(anonymous_1)
FNDA:1,(anonymous_2)
FNDA:1,(anonymous_3)
FNDA:1,(anonymous_4)
FNDA:1,(anonymous_5)
FNDA:1,(anonymous_6)
DA:11,1
DA:12,1
DA:14,1
DA:22,1
DA:23,1
DA:25,1
DA:27,1
DA:28,1
DA:34,1
DA:35,1
DA:41,1
DA:42,1
DA:43,1
DA:46,1
DA:47,1
DA:48,1
DA:50,1
DA:51,1
DA:52,1
DA:53,1
DA:54,1
DA:55,1
DA:59,1
DA:60,1
DA:61,1
DA:62,1
DA:63,1
LF:27
LH:27
BRF:0
BRH:0
end_of_record
TN:
SF:/Users/Verem/frontend-task/src/utils.js
FN:6,(anonymous_0)
FN:14,(anonymous_1)
FN:19,(anonymous_2)
FN:27,(anonymous_3)
FN:35,(anonymous_4)
FN:44,(anonymous_5)
FNF:6
FNH:4
FNDA:1,(anonymous_0)
FNDA:0,(anonymous_1)
FNDA:1,(anonymous_2)
FNDA:0,(anonymous_3)
FNDA:1,(anonymous_4)
FNDA:2,(anonymous_5)
DA:6,2
DA:7,1
DA:8,1
DA:10,1
DA:11,1
DA:12,1
DA:14,1
DA:15,0
DA:19,2
DA:20,1
DA:21,1
DA:23,1
DA:24,1
DA:25,1
DA:27,1
DA:28,0
DA:35,2
DA:36,1
DA:37,1
DA:39,1
DA:41,1
DA:44,2
DA:45,2
DA:46,7
LF:24
LH:22
BRDA:36,0,0,1
BRDA:36,0,1,1
BRF:2
BRH:2
end_of_record
